{"/Users/gracegaoya/work/project/moonlight-box/web/src/components/repository/AuthConfigForm.vue": {"path":"/Users/gracegaoya/work/project/moonlight-box/web/src/components/repository/AuthConfigForm.vue","statementMap":{"0":{"start":{"line":2,"column":7},"end":{"line":2,"column":null}},"1":{"start":{"line":2,"column":2},"end":{"line":58,"column":46}},"2":{"start":{"line":4,"column":85},"end":{"line":4,"column":85}},"3":{"start":{"line":4,"column":25},"end":{"line":4,"column":42}},"4":{"start":{"line":13,"column":18},"end":{"line":12,"column":53}},"5":{"start":{"line":8,"column":26},"end":{"line":8,"column":42}},"6":{"start":{"line":9,"column":44},"end":{"line":12,"column":53}},"7":{"start":{"line":19,"column":68},"end":{"line":19,"column":68}},"8":{"start":{"line":19,"column":27},"end":{"line":19,"column":48}},"9":{"start":{"line":27,"column":10},"end":{"line":26,"column":null}},"10":{"start":{"line":23,"column":19},"end":{"line":23,"column":null}},"11":{"start":{"line":38,"column":8},"end":{"line":37,"column":null}},"12":{"start":{"line":34,"column":17},"end":{"line":34,"column":null}},"13":{"start":{"line":44,"column":77},"end":{"line":44,"column":77}},"14":{"start":{"line":44,"column":27},"end":{"line":44,"column":51}},"15":{"start":{"line":52,"column":10},"end":{"line":51,"column":null}},"16":{"start":{"line":48,"column":19},"end":{"line":48,"column":null}},"17":{"start":{"line":57,"column":85},"end":{"line":58,"column":46}},"18":{"start":{"line":57,"column":32},"end":{"line":57,"column":54}}},"fnMap":{"0":{"name":"(anonymous_0)","decl":{"start":{"line":4,"column":6},"end":{"line":4,"column":25}},"loc":{"start":{"line":4,"column":85},"end":{"line":4,"column":85}},"line":4},"1":{"name":"(anonymous_1)","decl":{"start":{"line":4,"column":30},"end":{"line":4,"column":40}},"loc":{"start":{"line":4,"column":25},"end":{"line":4,"column":42}},"line":4},"2":{"name":"(anonymous_2)","decl":{"start":{"line":8,"column":6},"end":{"line":8,"column":26}},"loc":{"start":{"line":13,"column":18},"end":{"line":12,"column":53}},"line":13},"3":{"name":"(anonymous_3)","decl":{"start":{"line":8,"column":31},"end":{"line":8,"column":40}},"loc":{"start":{"line":8,"column":26},"end":{"line":8,"column":42}},"line":8},"4":{"name":"(anonymous_4)","decl":{"start":{"line":9,"column":8},"end":{"line":9,"column":19}},"loc":{"start":{"line":9,"column":44},"end":{"line":12,"column":53}},"line":9},"5":{"name":"(anonymous_5)","decl":{"start":{"line":19,"column":8},"end":{"line":19,"column":27}},"loc":{"start":{"line":19,"column":68},"end":{"line":19,"column":68}},"line":19},"6":{"name":"(anonymous_6)","decl":{"start":{"line":19,"column":38},"end":{"line":19,"column":46}},"loc":{"start":{"line":19,"column":27},"end":{"line":19,"column":48}},"line":19},"7":{"name":"(anonymous_7)","decl":{"start":{"line":22,"column":8},"end":{"line":22,"column":null}},"loc":{"start":{"line":27,"column":10},"end":{"line":26,"column":null}},"line":27},"8":{"name":"(anonymous_8)","decl":{"start":{"line":23,"column":30},"end":{"line":23,"column":38}},"loc":{"start":{"line":23,"column":19},"end":{"line":23,"column":null}},"line":23},"9":{"name":"(anonymous_9)","decl":{"start":{"line":33,"column":6},"end":{"line":33,"column":null}},"loc":{"start":{"line":38,"column":8},"end":{"line":37,"column":null}},"line":38},"10":{"name":"(anonymous_10)","decl":{"start":{"line":34,"column":28},"end":{"line":34,"column":33}},"loc":{"start":{"line":34,"column":17},"end":{"line":34,"column":null}},"line":34},"11":{"name":"(anonymous_11)","decl":{"start":{"line":44,"column":8},"end":{"line":44,"column":27}},"loc":{"start":{"line":44,"column":77},"end":{"line":44,"column":77}},"line":44},"12":{"name":"(anonymous_12)","decl":{"start":{"line":44,"column":38},"end":{"line":44,"column":49}},"loc":{"start":{"line":44,"column":27},"end":{"line":44,"column":51}},"line":44},"13":{"name":"(anonymous_13)","decl":{"start":{"line":47,"column":8},"end":{"line":47,"column":null}},"loc":{"start":{"line":52,"column":10},"end":{"line":51,"column":null}},"line":52},"14":{"name":"(anonymous_14)","decl":{"start":{"line":48,"column":30},"end":{"line":48,"column":39}},"loc":{"start":{"line":48,"column":19},"end":{"line":48,"column":null}},"line":48},"15":{"name":"(anonymous_15)","decl":{"start":{"line":57,"column":6},"end":{"line":57,"column":32}},"loc":{"start":{"line":57,"column":85},"end":{"line":58,"column":46}},"line":57},"16":{"name":"(anonymous_16)","decl":{"start":{"line":57,"column":37},"end":{"line":57,"column":51}},"loc":{"start":{"line":57,"column":32},"end":{"line":57,"column":54}},"line":57}},"branchMap":{"0":{"loc":{"start":{"line":4,"column":30},"end":{"line":4,"column":42}},"type":"binary-expr","locations":[{"start":{"line":4,"column":30},"end":{"line":4,"column":40}},{"start":{"line":4,"column":30},"end":{"line":4,"column":42}}],"line":4},"1":{"loc":{"start":{"line":8,"column":31},"end":{"line":8,"column":42}},"type":"binary-expr","locations":[{"start":{"line":8,"column":31},"end":{"line":8,"column":40}},{"start":{"line":8,"column":31},"end":{"line":8,"column":42}}],"line":8},"2":{"loc":{"start":{"line":17,"column":20},"end":{"line":26,"column":null}},"type":"cond-expr","locations":[{"start":{"line":17,"column":34},"end":{"line":26,"column":null}}],"line":17},"3":{"loc":{"start":{"line":19,"column":38},"end":{"line":19,"column":48}},"type":"binary-expr","locations":[{"start":{"line":19,"column":38},"end":{"line":19,"column":46}},{"start":{"line":19,"column":38},"end":{"line":19,"column":48}}],"line":19},"4":{"loc":{"start":{"line":23,"column":30},"end":{"line":23,"column":null}},"type":"binary-expr","locations":[{"start":{"line":23,"column":30},"end":{"line":23,"column":38}},{"start":{"line":23,"column":30},"end":{"line":23,"column":null}}],"line":23},"5":{"loc":{"start":{"line":32,"column":24},"end":{"line":37,"column":null}},"type":"cond-expr","locations":[{"start":{"line":32,"column":38},"end":{"line":37,"column":null}}],"line":32},"6":{"loc":{"start":{"line":34,"column":28},"end":{"line":34,"column":null}},"type":"binary-expr","locations":[{"start":{"line":34,"column":28},"end":{"line":34,"column":33}},{"start":{"line":34,"column":28},"end":{"line":34,"column":null}}],"line":34},"7":{"loc":{"start":{"line":42,"column":20},"end":{"line":51,"column":null}},"type":"cond-expr","locations":[{"start":{"line":42,"column":34},"end":{"line":51,"column":null}}],"line":42},"8":{"loc":{"start":{"line":44,"column":38},"end":{"line":44,"column":51}},"type":"binary-expr","locations":[{"start":{"line":44,"column":38},"end":{"line":44,"column":49}},{"start":{"line":44,"column":38},"end":{"line":44,"column":51}}],"line":44},"9":{"loc":{"start":{"line":48,"column":30},"end":{"line":48,"column":null}},"type":"binary-expr","locations":[{"start":{"line":48,"column":30},"end":{"line":48,"column":39}},{"start":{"line":48,"column":30},"end":{"line":48,"column":null}}],"line":48},"10":{"loc":{"start":{"line":57,"column":37},"end":{"line":57,"column":54}},"type":"binary-expr","locations":[{"start":{"line":57,"column":37},"end":{"line":57,"column":51}},{"start":{"line":57,"column":37},"end":{"line":57,"column":54}}],"line":57},"11":{"loc":{"start":{"line":58,"column":6},"end":{"line":58,"column":46}},"type":"binary-expr","locations":[{"start":{"line":58,"column":6},"end":{"line":58,"column":12}},{"start":{"line":58,"column":6},"end":{"line":58,"column":46}}],"line":58}},"s":{"0":1,"1":12,"2":24,"3":1,"4":24,"5":0,"6":24,"7":2,"8":0,"9":2,"10":0,"11":2,"12":0,"13":2,"14":0,"15":2,"16":0,"17":24,"18":0},"f":{"0":24,"1":1,"2":24,"3":0,"4":24,"5":2,"6":0,"7":2,"8":0,"9":2,"10":0,"11":2,"12":0,"13":2,"14":0,"15":24,"16":0},"b":{"0":[24,12],"1":[24,12],"2":[1],"3":[2,1],"4":[2,1],"5":[1],"6":[2,1],"7":[1],"8":[2,1],"9":[2,1],"10":[24,12],"11":[24,12]},"meta":{"lastBranch":0,"lastFunction":0,"lastStatement":0,"seen":{}}}
,"/Users/gracegaoya/work/project/moonlight-box/web/src/components/repository/BasicInfoForm.vue": {"path":"/Users/gracegaoya/work/project/moonlight-box/web/src/components/repository/BasicInfoForm.vue","statementMap":{"0":{"start":{"line":2,"column":7},"end":{"line":2,"column":null}},"1":{"start":{"line":2,"column":2},"end":{"line":37,"column":null}},"2":{"start":{"line":8,"column":8},"end":{"line":9,"column":49}},"3":{"start":{"line":5,"column":17},"end":{"line":5,"column":null}},"4":{"start":{"line":17,"column":18},"end":{"line":16,"column":59}},"5":{"start":{"line":13,"column":26},"end":{"line":13,"column":38}},"6":{"start":{"line":14,"column":55},"end":{"line":16,"column":59}},"7":{"start":{"line":24,"column":18},"end":{"line":25,"column":65}},"8":{"start":{"line":21,"column":26},"end":{"line":21,"column":46}},"9":{"start":{"line":22,"column":45},"end":{"line":23,"column":51}},"10":{"start":{"line":29,"column":72},"end":{"line":29,"column":72}},"11":{"start":{"line":29,"column":25},"end":{"line":29,"column":44}},"12":{"start":{"line":38,"column":8},"end":{"line":37,"column":null}},"13":{"start":{"line":34,"column":17},"end":{"line":34,"column":null}}},"fnMap":{"0":{"name":"(anonymous_0)","decl":{"start":{"line":4,"column":6},"end":{"line":4,"column":null}},"loc":{"start":{"line":8,"column":8},"end":{"line":9,"column":49}},"line":8},"1":{"name":"(anonymous_1)","decl":{"start":{"line":5,"column":22},"end":{"line":5,"column":26}},"loc":{"start":{"line":5,"column":17},"end":{"line":5,"column":null}},"line":5},"2":{"name":"(anonymous_2)","decl":{"start":{"line":13,"column":6},"end":{"line":13,"column":26}},"loc":{"start":{"line":17,"column":18},"end":{"line":16,"column":59}},"line":17},"3":{"name":"(anonymous_3)","decl":{"start":{"line":13,"column":31},"end":{"line":13,"column":35}},"loc":{"start":{"line":13,"column":26},"end":{"line":13,"column":38}},"line":13},"4":{"name":"(anonymous_4)","decl":{"start":{"line":14,"column":8},"end":{"line":14,"column":19}},"loc":{"start":{"line":14,"column":55},"end":{"line":16,"column":59}},"line":14},"5":{"name":"(anonymous_5)","decl":{"start":{"line":21,"column":6},"end":{"line":21,"column":26}},"loc":{"start":{"line":24,"column":18},"end":{"line":25,"column":65}},"line":24},"6":{"name":"(anonymous_6)","decl":{"start":{"line":21,"column":31},"end":{"line":21,"column":43}},"loc":{"start":{"line":21,"column":26},"end":{"line":21,"column":46}},"line":21},"7":{"name":"(anonymous_7)","decl":{"start":{"line":22,"column":8},"end":{"line":22,"column":19}},"loc":{"start":{"line":22,"column":45},"end":{"line":23,"column":51}},"line":22},"8":{"name":"(anonymous_8)","decl":{"start":{"line":29,"column":6},"end":{"line":29,"column":25}},"loc":{"start":{"line":29,"column":72},"end":{"line":29,"column":72}},"line":29},"9":{"name":"(anonymous_9)","decl":{"start":{"line":29,"column":30},"end":{"line":29,"column":42}},"loc":{"start":{"line":29,"column":25},"end":{"line":29,"column":44}},"line":29},"10":{"name":"(anonymous_10)","decl":{"start":{"line":33,"column":6},"end":{"line":33,"column":null}},"loc":{"start":{"line":38,"column":8},"end":{"line":37,"column":null}},"line":38},"11":{"name":"(anonymous_11)","decl":{"start":{"line":34,"column":22},"end":{"line":34,"column":33}},"loc":{"start":{"line":34,"column":17},"end":{"line":34,"column":null}},"line":34}},"branchMap":{"0":{"loc":{"start":{"line":5,"column":22},"end":{"line":5,"column":null}},"type":"binary-expr","locations":[{"start":{"line":5,"column":22},"end":{"line":5,"column":26}},{"start":{"line":5,"column":22},"end":{"line":5,"column":null}}],"line":5},"1":{"loc":{"start":{"line":9,"column":6},"end":{"line":9,"column":49}},"type":"binary-expr","locations":[{"start":{"line":9,"column":6},"end":{"line":9,"column":12}},{"start":{"line":9,"column":6},"end":{"line":9,"column":49}}],"line":9},"2":{"loc":{"start":{"line":13,"column":31},"end":{"line":13,"column":38}},"type":"binary-expr","locations":[{"start":{"line":13,"column":31},"end":{"line":13,"column":35}},{"start":{"line":13,"column":31},"end":{"line":13,"column":38}}],"line":13},"3":{"loc":{"start":{"line":21,"column":31},"end":{"line":21,"column":46}},"type":"binary-expr","locations":[{"start":{"line":21,"column":31},"end":{"line":21,"column":43}},{"start":{"line":21,"column":31},"end":{"line":21,"column":46}}],"line":21},"4":{"loc":{"start":{"line":25,"column":6},"end":{"line":25,"column":65}},"type":"binary-expr","locations":[{"start":{"line":25,"column":6},"end":{"line":25,"column":12}},{"start":{"line":25,"column":6},"end":{"line":25,"column":65}}],"line":25},"5":{"loc":{"start":{"line":29,"column":30},"end":{"line":29,"column":44}},"type":"binary-expr","locations":[{"start":{"line":29,"column":30},"end":{"line":29,"column":42}},{"start":{"line":29,"column":30},"end":{"line":29,"column":44}}],"line":29},"6":{"loc":{"start":{"line":34,"column":22},"end":{"line":34,"column":null}},"type":"binary-expr","locations":[{"start":{"line":34,"column":22},"end":{"line":34,"column":33}},{"start":{"line":34,"column":22},"end":{"line":34,"column":null}}],"line":34}},"s":{"0":1,"1":11,"2":22,"3":0,"4":22,"5":0,"6":22,"7":22,"8":0,"9":22,"10":22,"11":0,"12":22,"13":0},"f":{"0":22,"1":0,"2":22,"3":0,"4":22,"5":22,"6":0,"7":22,"8":22,"9":0,"10":22,"11":0},"b":{"0":[22,11],"1":[22,11],"2":[22,11],"3":[22,11],"4":[22,11],"5":[22,11],"6":[22,11]},"meta":{"lastBranch":0,"lastFunction":0,"lastStatement":0,"seen":{}}}
,"/Users/gracegaoya/work/project/moonlight-box/web/src/components/repository/CacheConfigForm.vue": {"path":"/Users/gracegaoya/work/project/moonlight-box/web/src/components/repository/CacheConfigForm.vue","statementMap":{"0":{"start":{"line":66,"column":14},"end":{"line":66,"column":null}},"1":{"start":{"line":67,"column":13},"end":{"line":67,"column":null}},"2":{"start":{"line":71,"column":6},"end":{"line":71,"column":null}},"3":{"start":{"line":71,"column":31},"end":{"line":71,"column":58}},"4":{"start":{"line":73,"column":6},"end":{"line":73,"column":null}},"5":{"start":{"line":75,"column":32},"end":{"line":82,"column":null}},"6":{"start":{"line":84,"column":0},"end":{"line":89,"column":null}},"7":{"start":{"line":85,"column":8},"end":{"line":85,"column":null}},"8":{"start":{"line":87,"column":4},"end":{"line":87,"column":null}},"9":{"start":{"line":91,"column":26},"end":{"line":93,"column":null}},"10":{"start":{"line":92,"column":2},"end":{"line":92,"column":null}},"11":{"start":{"line":2,"column":7},"end":{"line":2,"column":null}},"12":{"start":{"line":2,"column":2},"end":{"line":44,"column":91}},"13":{"start":{"line":4,"column":48},"end":{"line":4,"column":48}},"14":{"start":{"line":4,"column":26},"end":{"line":4,"column":48}},"15":{"start":{"line":14,"column":10},"end":{"line":13,"column":null}},"16":{"start":{"line":10,"column":19},"end":{"line":10,"column":null}},"17":{"start":{"line":23,"column":10},"end":{"line":24,"column":50}},"18":{"start":{"line":19,"column":19},"end":{"line":19,"column":null}},"19":{"start":{"line":33,"column":10},"end":{"line":32,"column":null}},"20":{"start":{"line":29,"column":19},"end":{"line":29,"column":null}},"21":{"start":{"line":43,"column":10},"end":{"line":44,"column":91}},"22":{"start":{"line":38,"column":19},"end":{"line":38,"column":null}}},"fnMap":{"0":{"name":"(anonymous_0)","decl":{"start":{"line":71,"column":25},"end":{"line":71,"column":31}},"loc":{"start":{"line":71,"column":31},"end":{"line":71,"column":58}},"line":71},"1":{"name":"(anonymous_1)","decl":{"start":{"line":85,"column":2},"end":{"line":85,"column":8}},"loc":{"start":{"line":85,"column":8},"end":{"line":85,"column":null}},"line":85},"2":{"name":"(anonymous_2)","decl":{"start":{"line":86,"column":2},"end":{"line":86,"column":3}},"loc":{"start":{"line":86,"column":11},"end":{"line":88,"column":null}},"line":86},"3":{"name":"(anonymous_3)","decl":{"start":{"line":91,"column":26},"end":{"line":91,"column":32}},"loc":{"start":{"line":91,"column":32},"end":{"line":93,"column":null}},"line":91},"4":{"name":"(anonymous_4)","decl":{"start":{"line":4,"column":6},"end":{"line":4,"column":26}},"loc":{"start":{"line":4,"column":48},"end":{"line":4,"column":48}},"line":4},"5":{"name":"(anonymous_5)","decl":{"start":{"line":4,"column":31},"end":{"line":4,"column":44}},"loc":{"start":{"line":4,"column":26},"end":{"line":4,"column":48}},"line":4},"6":{"name":"(anonymous_6)","decl":{"start":{"line":9,"column":8},"end":{"line":9,"column":null}},"loc":{"start":{"line":14,"column":10},"end":{"line":13,"column":null}},"line":14},"7":{"name":"(anonymous_7)","decl":{"start":{"line":10,"column":24},"end":{"line":10,"column":41}},"loc":{"start":{"line":10,"column":19},"end":{"line":10,"column":null}},"line":10},"8":{"name":"(anonymous_8)","decl":{"start":{"line":18,"column":8},"end":{"line":18,"column":null}},"loc":{"start":{"line":23,"column":10},"end":{"line":24,"column":50}},"line":23},"9":{"name":"(anonymous_9)","decl":{"start":{"line":19,"column":24},"end":{"line":19,"column":42}},"loc":{"start":{"line":19,"column":19},"end":{"line":19,"column":null}},"line":19},"10":{"name":"(anonymous_10)","decl":{"start":{"line":28,"column":8},"end":{"line":28,"column":null}},"loc":{"start":{"line":33,"column":10},"end":{"line":32,"column":null}},"line":33},"11":{"name":"(anonymous_11)","decl":{"start":{"line":29,"column":24},"end":{"line":29,"column":41}},"loc":{"start":{"line":29,"column":19},"end":{"line":29,"column":null}},"line":29},"12":{"name":"(anonymous_12)","decl":{"start":{"line":37,"column":8},"end":{"line":37,"column":null}},"loc":{"start":{"line":43,"column":10},"end":{"line":44,"column":91}},"line":43},"13":{"name":"(anonymous_13)","decl":{"start":{"line":38,"column":19},"end":{"line":38,"column":35}},"loc":{"start":{"line":38,"column":19},"end":{"line":38,"column":null}},"line":38}},"branchMap":{"0":{"loc":{"start":{"line":4,"column":31},"end":{"line":4,"column":48}},"type":"binary-expr","locations":[{"start":{"line":4,"column":31},"end":{"line":4,"column":44}},{"start":{"line":4,"column":31},"end":{"line":4,"column":48}}],"line":4},"1":{"loc":{"start":{"line":7,"column":20},"end":{"line":44,"column":91}},"type":"cond-expr","locations":[{"start":{"line":7,"column":25},"end":{"line":44,"column":91}}],"line":7},"2":{"loc":{"start":{"line":10,"column":24},"end":{"line":10,"column":null}},"type":"binary-expr","locations":[{"start":{"line":10,"column":24},"end":{"line":10,"column":41}},{"start":{"line":10,"column":24},"end":{"line":10,"column":null}}],"line":10},"3":{"loc":{"start":{"line":17,"column":26},"end":{"line":24,"column":50}},"type":"cond-expr","locations":[{"start":{"line":17,"column":26},"end":{"line":24,"column":50}}],"line":17},"4":{"loc":{"start":{"line":19,"column":24},"end":{"line":19,"column":null}},"type":"binary-expr","locations":[{"start":{"line":19,"column":24},"end":{"line":19,"column":42}},{"start":{"line":19,"column":24},"end":{"line":19,"column":null}}],"line":19},"5":{"loc":{"start":{"line":24,"column":8},"end":{"line":24,"column":50}},"type":"binary-expr","locations":[{"start":{"line":24,"column":8},"end":{"line":24,"column":14}},{"start":{"line":24,"column":8},"end":{"line":24,"column":50}}],"line":24},"6":{"loc":{"start":{"line":29,"column":24},"end":{"line":29,"column":null}},"type":"binary-expr","locations":[{"start":{"line":29,"column":24},"end":{"line":29,"column":41}},{"start":{"line":29,"column":24},"end":{"line":29,"column":null}}],"line":29},"7":{"loc":{"start":{"line":36,"column":26},"end":{"line":44,"column":91}},"type":"cond-expr","locations":[{"start":{"line":36,"column":26},"end":{"line":44,"column":91}}],"line":36},"8":{"loc":{"start":{"line":38,"column":19},"end":{"line":38,"column":null}},"type":"binary-expr","locations":[{"start":{"line":38,"column":19},"end":{"line":38,"column":35}},{"start":{"line":38,"column":19},"end":{"line":38,"column":null}}],"line":38},"9":{"loc":{"start":{"line":44,"column":8},"end":{"line":44,"column":91}},"type":"binary-expr","locations":[{"start":{"line":44,"column":8},"end":{"line":44,"column":14}},{"start":{"line":44,"column":8},"end":{"line":44,"column":91}}],"line":44}},"s":{"0":12,"1":12,"2":12,"3":11,"4":12,"5":12,"6":12,"7":12,"8":0,"9":12,"10":1,"11":1,"12":12,"13":24,"14":0,"15":22,"16":0,"17":6,"18":0,"19":22,"20":0,"21":6,"22":1},"f":{"0":11,"1":12,"2":0,"3":1,"4":24,"5":0,"6":22,"7":0,"8":6,"9":0,"10":22,"11":0,"12":6,"13":1},"b":{"0":[24,12],"1":[11],"2":[22,11],"3":[3],"4":[6,3],"5":[6,3],"6":[22,11],"7":[3],"8":[6,3],"9":[6,3]},"meta":{"lastBranch":10,"lastFunction":14,"lastStatement":23,"seen":{"s:66:14:66:Infinity":0,"s:67:13:67:Infinity":1,"s:71:6:71:Infinity":2,"f:71:25:71:31":0,"s:71:31:71:58":3,"s:73:6:73:Infinity":4,"s:75:32:82:Infinity":5,"s:84:0:89:Infinity":6,"f:85:2:85:8":1,"s:85:8:85:Infinity":7,"f:86:2:86:3":2,"s:87:4:87:Infinity":8,"s:91:26:93:Infinity":9,"f:91:26:91:32":3,"s:92:2:92:Infinity":10,"s:2:7:2:Infinity":11,"s:2:2:44:91":12,"f:4:6:4:26":4,"s:4:48:4:48":13,"b:4:31:4:44:4:31:4:48":0,"f:4:31:4:44":5,"s:4:26:4:48":14,"b:7:25:44:91":1,"f:9:8:9:Infinity":6,"s:14:10:13:Infinity":15,"b:10:24:10:41:10:24:10:Infinity":2,"f:10:24:10:41":7,"s:10:19:10:Infinity":16,"b:17:26:24:50":3,"f:18:8:18:Infinity":8,"s:23:10:24:50":17,"b:19:24:19:42:19:24:19:Infinity":4,"f:19:24:19:42":9,"s:19:19:19:Infinity":18,"b:24:8:24:14:24:8:24:50":5,"f:28:8:28:Infinity":10,"s:33:10:32:Infinity":19,"b:29:24:29:41:29:24:29:Infinity":6,"f:29:24:29:41":11,"s:29:19:29:Infinity":20,"b:36:26:44:91":7,"f:37:8:37:Infinity":12,"s:43:10:44:91":21,"b:38:19:38:35:38:19:38:Infinity":8,"f:38:19:38:35":13,"s:38:19:38:Infinity":22,"b:44:8:44:14:44:8:44:91":9}}}
,"/Users/gracegaoya/work/project/moonlight-box/web/src/components/repository/PermissionsConfigForm.vue": {"path":"/Users/gracegaoya/work/project/moonlight-box/web/src/components/repository/PermissionsConfigForm.vue","statementMap":{"0":{"start":{"line":2,"column":7},"end":{"line":2,"column":null}},"1":{"start":{"line":2,"column":2},"end":{"line":7,"column":47}},"2":{"start":{"line":4,"column":50},"end":{"line":4,"column":50}},"3":{"start":{"line":4,"column":26},"end":{"line":4,"column":50}},"4":{"start":{"line":7,"column":47},"end":{"line":7,"column":47}},"5":{"start":{"line":7,"column":26},"end":{"line":7,"column":47}}},"fnMap":{"0":{"name":"(anonymous_0)","decl":{"start":{"line":4,"column":6},"end":{"line":4,"column":26}},"loc":{"start":{"line":4,"column":50},"end":{"line":4,"column":50}},"line":4},"1":{"name":"(anonymous_1)","decl":{"start":{"line":4,"column":31},"end":{"line":4,"column":46}},"loc":{"start":{"line":4,"column":26},"end":{"line":4,"column":50}},"line":4},"2":{"name":"(anonymous_2)","decl":{"start":{"line":7,"column":6},"end":{"line":7,"column":26}},"loc":{"start":{"line":7,"column":47},"end":{"line":7,"column":47}},"line":7},"3":{"name":"(anonymous_3)","decl":{"start":{"line":7,"column":31},"end":{"line":7,"column":43}},"loc":{"start":{"line":7,"column":26},"end":{"line":7,"column":47}},"line":7}},"branchMap":{"0":{"loc":{"start":{"line":4,"column":31},"end":{"line":4,"column":50}},"type":"binary-expr","locations":[{"start":{"line":4,"column":31},"end":{"line":4,"column":46}},{"start":{"line":4,"column":31},"end":{"line":4,"column":50}}],"line":4},"1":{"loc":{"start":{"line":7,"column":31},"end":{"line":7,"column":47}},"type":"binary-expr","locations":[{"start":{"line":7,"column":31},"end":{"line":7,"column":43}},{"start":{"line":7,"column":31},"end":{"line":7,"column":47}}],"line":7}},"s":{"0":1,"1":8,"2":16,"3":1,"4":16,"5":1},"f":{"0":16,"1":1,"2":16,"3":1},"b":{"0":[16,8],"1":[16,8]},"meta":{"lastBranch":2,"lastFunction":4,"lastStatement":6,"seen":{"s:2:7:2:Infinity":0,"s:2:2:7:47":1,"f:4:6:4:26":0,"s:4:50:4:50":2,"b:4:31:4:46:4:31:4:50":0,"f:4:31:4:46":1,"s:4:26:4:50":3,"f:7:6:7:26":2,"s:7:47:7:47":4,"b:7:31:7:43:7:31:7:47":1,"f:7:31:7:43":3,"s:7:26:7:47":5}}}
,"/Users/gracegaoya/work/project/moonlight-box/web/src/components/repository/TimeoutConfigForm.vue": {"path":"/Users/gracegaoya/work/project/moonlight-box/web/src/components/repository/TimeoutConfigForm.vue","statementMap":{"0":{"start":{"line":2,"column":7},"end":{"line":2,"column":null}},"1":{"start":{"line":2,"column":2},"end":{"line":22,"column":55}},"2":{"start":{"line":9,"column":8},"end":{"line":10,"column":53}},"3":{"start":{"line":5,"column":17},"end":{"line":5,"column":null}},"4":{"start":{"line":18,"column":8},"end":{"line":19,"column":64}},"5":{"start":{"line":14,"column":17},"end":{"line":14,"column":null}},"6":{"start":{"line":22,"column":55},"end":{"line":22,"column":55}},"7":{"start":{"line":22,"column":26},"end":{"line":22,"column":55}}},"fnMap":{"0":{"name":"(anonymous_0)","decl":{"start":{"line":4,"column":6},"end":{"line":4,"column":null}},"loc":{"start":{"line":9,"column":8},"end":{"line":10,"column":53}},"line":9},"1":{"name":"(anonymous_1)","decl":{"start":{"line":5,"column":22},"end":{"line":5,"column":37}},"loc":{"start":{"line":5,"column":17},"end":{"line":5,"column":null}},"line":5},"2":{"name":"(anonymous_2)","decl":{"start":{"line":13,"column":6},"end":{"line":13,"column":null}},"loc":{"start":{"line":18,"column":8},"end":{"line":19,"column":64}},"line":18},"3":{"name":"(anonymous_3)","decl":{"start":{"line":14,"column":22},"end":{"line":14,"column":35}},"loc":{"start":{"line":14,"column":17},"end":{"line":14,"column":null}},"line":14},"4":{"name":"(anonymous_4)","decl":{"start":{"line":22,"column":6},"end":{"line":22,"column":26}},"loc":{"start":{"line":22,"column":55},"end":{"line":22,"column":55}},"line":22},"5":{"name":"(anonymous_5)","decl":{"start":{"line":22,"column":31},"end":{"line":22,"column":51}},"loc":{"start":{"line":22,"column":26},"end":{"line":22,"column":55}},"line":22}},"branchMap":{"0":{"loc":{"start":{"line":5,"column":22},"end":{"line":5,"column":null}},"type":"binary-expr","locations":[{"start":{"line":5,"column":22},"end":{"line":5,"column":37}},{"start":{"line":5,"column":22},"end":{"line":5,"column":null}}],"line":5},"1":{"loc":{"start":{"line":10,"column":6},"end":{"line":10,"column":53}},"type":"binary-expr","locations":[{"start":{"line":10,"column":6},"end":{"line":10,"column":12}},{"start":{"line":10,"column":6},"end":{"line":10,"column":53}}],"line":10},"2":{"loc":{"start":{"line":14,"column":22},"end":{"line":14,"column":null}},"type":"binary-expr","locations":[{"start":{"line":14,"column":22},"end":{"line":14,"column":35}},{"start":{"line":14,"column":22},"end":{"line":14,"column":null}}],"line":14},"3":{"loc":{"start":{"line":19,"column":6},"end":{"line":19,"column":64}},"type":"binary-expr","locations":[{"start":{"line":19,"column":6},"end":{"line":19,"column":12}},{"start":{"line":19,"column":6},"end":{"line":19,"column":64}}],"line":19},"4":{"loc":{"start":{"line":22,"column":31},"end":{"line":22,"column":55}},"type":"binary-expr","locations":[{"start":{"line":22,"column":31},"end":{"line":22,"column":51}},{"start":{"line":22,"column":31},"end":{"line":22,"column":55}}],"line":22}},"s":{"0":1,"1":12,"2":24,"3":0,"4":24,"5":0,"6":24,"7":1},"f":{"0":24,"1":0,"2":24,"3":0,"4":24,"5":1},"b":{"0":[24,12],"1":[24,12],"2":[24,12],"3":[24,12],"4":[24,12]},"meta":{"lastBranch":0,"lastFunction":0,"lastStatement":0,"seen":{}}}
,"/Users/gracegaoya/work/project/moonlight-box/web/src/components/repository/VirtualMembersForm.vue": {"path":"/Users/gracegaoya/work/project/moonlight-box/web/src/components/repository/VirtualMembersForm.vue","statementMap":{"0":{"start":{"line":45,"column":14},"end":{"line":45,"column":null}},"1":{"start":{"line":46,"column":13},"end":{"line":46,"column":null}},"2":{"start":{"line":50,"column":6},"end":{"line":50,"column":null}},"3":{"start":{"line":52,"column":0},"end":{"line":65,"column":null}},"4":{"start":{"line":53,"column":8},"end":{"line":53,"column":null}},"5":{"start":{"line":55,"column":4},"end":{"line":62,"column":null}},"6":{"start":{"line":56,"column":6},"end":{"line":59,"column":null}},"7":{"start":{"line":58,"column":24},"end":{"line":58,"column":35}},"8":{"start":{"line":59,"column":22},"end":{"line":59,"column":44}},"9":{"start":{"line":61,"column":6},"end":{"line":61,"column":null}},"10":{"start":{"line":67,"column":18},"end":{"line":69,"column":null}},"11":{"start":{"line":68,"column":2},"end":{"line":68,"column":null}},"12":{"start":{"line":71,"column":21},"end":{"line":74,"column":null}},"13":{"start":{"line":72,"column":2},"end":{"line":72,"column":null}},"14":{"start":{"line":73,"column":2},"end":{"line":73,"column":null}},"15":{"start":{"line":76,"column":27},"end":{"line":82,"column":null}},"16":{"start":{"line":77,"column":15},"end":{"line":80,"column":null}},"17":{"start":{"line":78,"column":14},"end":{"line":78,"column":20}},"18":{"start":{"line":81,"column":2},"end":{"line":81,"column":null}},"19":{"start":{"line":10,"column":7},"end":{"line":10,"column":null}},"20":{"start":{"line":12,"column":12},"end":{"line":12,"column":36}},"21":{"start":{"line":11,"column":4},"end":{"line":23,"column":null}},"22":{"start":{"line":14,"column":17},"end":{"line":14,"column":null}},"23":{"start":{"line":23,"column":16},"end":{"line":23,"column":null}},"24":{"start":{"line":28,"column":31},"end":{"line":30,"column":14}},"25":{"start":{"line":28,"column":21},"end":{"line":28,"column":31}}},"fnMap":{"0":{"name":"(anonymous_0)","decl":{"start":{"line":53,"column":2},"end":{"line":53,"column":8}},"loc":{"start":{"line":53,"column":8},"end":{"line":53,"column":null}},"line":53},"1":{"name":"(anonymous_1)","decl":{"start":{"line":54,"column":2},"end":{"line":54,"column":3}},"loc":{"start":{"line":54,"column":11},"end":{"line":63,"column":null}},"line":54},"2":{"name":"(anonymous_2)","decl":{"start":{"line":58,"column":16},"end":{"line":58,"column":24}},"loc":{"start":{"line":58,"column":24},"end":{"line":58,"column":35}},"line":58},"3":{"name":"(anonymous_3)","decl":{"start":{"line":59,"column":13},"end":{"line":59,"column":22}},"loc":{"start":{"line":59,"column":22},"end":{"line":59,"column":44}},"line":59},"4":{"name":"(anonymous_4)","decl":{"start":{"line":67,"column":18},"end":{"line":67,"column":24}},"loc":{"start":{"line":67,"column":24},"end":{"line":69,"column":null}},"line":67},"5":{"name":"(anonymous_5)","decl":{"start":{"line":71,"column":21},"end":{"line":71,"column":22}},"loc":{"start":{"line":71,"column":40},"end":{"line":74,"column":null}},"line":71},"6":{"name":"(anonymous_6)","decl":{"start":{"line":76,"column":27},"end":{"line":76,"column":33}},"loc":{"start":{"line":76,"column":33},"end":{"line":82,"column":null}},"line":76},"7":{"name":"(anonymous_7)","decl":{"start":{"line":78,"column":9},"end":{"line":78,"column":14}},"loc":{"start":{"line":78,"column":14},"end":{"line":78,"column":20}},"line":78},"8":{"name":"(anonymous_8)","decl":{"start":{"line":11,"column":42},"end":{"line":11,"column":45}},"loc":{"start":{"line":11,"column":30},"end":{"line":23,"column":null}},"line":11},"9":{"name":"(anonymous_9)","decl":{"start":{"line":14,"column":24},"end":{"line":14,"column":28}},"loc":{"start":{"line":14,"column":17},"end":{"line":14,"column":null}},"line":14},"10":{"name":"(anonymous_10)","decl":{"start":{"line":23,"column":14},"end":{"line":23,"column":16}},"loc":{"start":{"line":23,"column":16},"end":{"line":23,"column":null}},"line":23},"11":{"name":"(anonymous_11)","decl":{"start":{"line":28,"column":4},"end":{"line":28,"column":13}},"loc":{"start":{"line":28,"column":31},"end":{"line":30,"column":14}},"line":28},"12":{"name":"(anonymous_12)","decl":{"start":{"line":28,"column":13},"end":{"line":28,"column":21}},"loc":{"start":{"line":28,"column":21},"end":{"line":28,"column":31}},"line":28}},"branchMap":{"0":{"loc":{"start":{"line":55,"column":4},"end":{"line":62,"column":null}},"type":"if","locations":[{"start":{"line":55,"column":4},"end":{"line":62,"column":null}},{"start":{"line":60,"column":11},"end":{"line":62,"column":null}}],"line":55}},"s":{"0":10,"1":10,"2":10,"3":10,"4":10,"5":10,"6":5,"7":11,"8":10,"9":5,"10":10,"11":3,"12":10,"13":1,"14":1,"15":10,"16":4,"17":6,"18":4,"19":1,"20":1,"21":20,"22":3,"23":1,"24":20,"25":10},"f":{"0":10,"1":10,"2":11,"3":10,"4":3,"5":1,"6":4,"7":6,"8":20,"9":3,"10":1,"11":20,"12":10},"b":{"0":[5,5]},"meta":{"lastBranch":1,"lastFunction":13,"lastStatement":26,"seen":{"s:45:14:45:Infinity":0,"s:46:13:46:Infinity":1,"s:50:6:50:Infinity":2,"s:52:0:65:Infinity":3,"f:53:2:53:8":0,"s:53:8:53:Infinity":4,"f:54:2:54:3":1,"b:55:4:62:Infinity:60:11:62:Infinity":0,"s:55:4:62:Infinity":5,"s:56:6:59:Infinity":6,"f:58:16:58:24":2,"s:58:24:58:35":7,"f:59:13:59:22":3,"s:59:22:59:44":8,"s:61:6:61:Infinity":9,"s:67:18:69:Infinity":10,"f:67:18:67:24":4,"s:68:2:68:Infinity":11,"s:71:21:74:Infinity":12,"f:71:21:71:22":5,"s:72:2:72:Infinity":13,"s:73:2:73:Infinity":14,"s:76:27:82:Infinity":15,"f:76:27:76:33":6,"s:77:15:80:Infinity":16,"f:78:9:78:14":7,"s:78:14:78:20":17,"s:81:2:81:Infinity":18,"s:10:7:10:Infinity":19,"s:12:12:12:36":20,"f:11:42:11:45":8,"s:11:4:23:Infinity":21,"f:14:24:14:28":9,"s:14:17:14:Infinity":22,"f:23:14:23:16":10,"s:23:16:23:Infinity":23,"f:28:4:28:13":11,"s:28:31:30:14":24,"f:28:13:28:21":12,"s:28:21:28:31":25}}}
}
